Aug 31 2018 21:38:03
{"type":2,"message":"Illegal offset type","file":"\/nas\/content\/staging\/wealthbar\/wp-admin\/includes\/template.php","line":1254}

Aug 31 2018 21:38:09
{"type":2,"message":"Illegal offset type","file":"\/nas\/content\/staging\/wealthbar\/wp-admin\/includes\/template.php","line":1254}

Aug 31 2018 21:38:15
{"type":2,"message":"Illegal offset type","file":"\/nas\/content\/staging\/wealthbar\/wp-admin\/includes\/template.php","line":1254}

Aug 31 2018 21:38:25
{"type":2,"message":"Illegal offset type","file":"\/nas\/content\/staging\/wealthbar\/wp-admin\/includes\/template.php","line":1254}

Aug 31 2018 21:38:39
{"type":2,"message":"Illegal offset type","file":"\/nas\/content\/staging\/wealthbar\/wp-admin\/includes\/template.php","line":1254}

Aug 31 2018 21:38:49
{"type":2,"message":"Illegal offset type","file":"\/nas\/content\/staging\/wealthbar\/wp-admin\/includes\/template.php","line":1254}

Aug 31 2018 21:39:03
{"type":2,"message":"Illegal offset type","file":"\/nas\/content\/staging\/wealthbar\/wp-admin\/includes\/template.php","line":1254}

Aug 31 2018 21:39:08
{"type":2,"message":"Illegal offset type","file":"\/nas\/content\/staging\/wealthbar\/wp-admin\/includes\/template.php","line":1254}

Aug 31 2018 21:39:15
{"type":2,"message":"Illegal offset type","file":"\/nas\/content\/staging\/wealthbar\/wp-admin\/includes\/template.php","line":1254}

Aug 31 2018 21:39:21
{"type":2,"message":"Illegal offset type","file":"\/nas\/content\/staging\/wealthbar\/wp-admin\/includes\/template.php","line":1254}

Aug 31 2018 21:39:26
{"type":2,"message":"Illegal offset type","file":"\/nas\/content\/staging\/wealthbar\/wp-admin\/includes\/template.php","line":1254}

Aug 31 2018 21:39:31
{"type":2,"message":"Illegal offset type","file":"\/nas\/content\/staging\/wealthbar\/wp-admin\/includes\/template.php","line":1254}

Aug 31 2018 21:39:38
{"type":2,"message":"Illegal offset type","file":"\/nas\/content\/staging\/wealthbar\/wp-admin\/includes\/template.php","line":1254}

Aug 31 2018 21:39:43
{"type":2,"message":"Illegal offset type","file":"\/nas\/content\/staging\/wealthbar\/wp-admin\/includes\/template.php","line":1254}

Aug 31 2018 21:39:48
{"type":2,"message":"Illegal offset type","file":"\/nas\/content\/staging\/wealthbar\/wp-admin\/includes\/template.php","line":1254}

Aug 31 2018 21:39:55
{"type":2,"message":"Illegal offset type","file":"\/nas\/content\/staging\/wealthbar\/wp-admin\/includes\/template.php","line":1254}

Aug 31 2018 21:40:04
{"type":2,"message":"Illegal offset type","file":"\/nas\/content\/staging\/wealthbar\/wp-admin\/includes\/template.php","line":1254}

Aug 31 2018 21:40:22
{"type":2,"message":"Illegal offset type","file":"\/nas\/content\/staging\/wealthbar\/wp-admin\/includes\/template.php","line":1254}

Aug 31 2018 21:40:28
{"type":2,"message":"Illegal offset type","file":"\/nas\/content\/staging\/wealthbar\/wp-admin\/includes\/template.php","line":1254}

Aug 31 2018 21:40:34
{"type":2,"message":"Illegal offset type","file":"\/nas\/content\/staging\/wealthbar\/wp-admin\/includes\/template.php","line":1254}

Aug 31 2018 21:40:40
{"type":2,"message":"Illegal offset type","file":"\/nas\/content\/staging\/wealthbar\/wp-admin\/includes\/template.php","line":1254}

Aug 31 2018 21:40:46
{"type":2,"message":"Illegal offset type","file":"\/nas\/content\/staging\/wealthbar\/wp-admin\/includes\/template.php","line":1254}

Aug 31 2018 21:40:55
{"type":2,"message":"Illegal offset type","file":"\/nas\/content\/staging\/wealthbar\/wp-admin\/includes\/template.php","line":1254}

Aug 31 2018 21:41:01
{"type":2,"message":"Illegal offset type","file":"\/nas\/content\/staging\/wealthbar\/wp-admin\/includes\/template.php","line":1254}

Aug 31 2018 21:41:07
{"type":2,"message":"Illegal offset type","file":"\/nas\/content\/staging\/wealthbar\/wp-admin\/includes\/template.php","line":1254}

Aug 31 2018 21:41:14
{"type":2,"message":"Illegal offset type","file":"\/nas\/content\/staging\/wealthbar\/wp-admin\/includes\/template.php","line":1254}

Aug 31 2018 21:41:22
{"type":2,"message":"Illegal offset type","file":"\/nas\/content\/staging\/wealthbar\/wp-admin\/includes\/template.php","line":1254}

Aug 31 2018 21:41:27
{"type":2,"message":"Illegal offset type","file":"\/nas\/content\/staging\/wealthbar\/wp-admin\/includes\/template.php","line":1254}

Aug 31 2018 21:41:33
{"type":2,"message":"Illegal offset type","file":"\/nas\/content\/staging\/wealthbar\/wp-admin\/includes\/template.php","line":1254}

Aug 31 2018 21:41:51
{"type":2,"message":"Illegal offset type","file":"\/nas\/content\/staging\/wealthbar\/wp-admin\/includes\/template.php","line":1254}

Aug 31 2018 21:42:05
{"type":2,"message":"Illegal offset type","file":"\/nas\/content\/staging\/wealthbar\/wp-admin\/includes\/template.php","line":1254}

Aug 31 2018 21:42:14
{"type":2,"message":"Illegal offset type","file":"\/nas\/content\/staging\/wealthbar\/wp-admin\/includes\/template.php","line":1254}

Aug 31 2018 21:42:21
{"type":2,"message":"Illegal offset type","file":"\/nas\/content\/staging\/wealthbar\/wp-admin\/includes\/template.php","line":1254}

Aug 31 2018 21:42:26
{"type":2,"message":"Illegal offset type","file":"\/nas\/content\/staging\/wealthbar\/wp-admin\/includes\/template.php","line":1254}

Aug 31 2018 21:42:32
{"type":2,"message":"Illegal offset type","file":"\/nas\/content\/staging\/wealthbar\/wp-admin\/includes\/template.php","line":1254}

Aug 31 2018 21:42:38
{"type":2,"message":"Illegal offset type","file":"\/nas\/content\/staging\/wealthbar\/wp-admin\/includes\/template.php","line":1254}

Aug 31 2018 21:42:45
{"type":2,"message":"Illegal offset type","file":"\/nas\/content\/staging\/wealthbar\/wp-admin\/includes\/template.php","line":1254}

Aug 31 2018 21:42:52
{"type":2,"message":"Illegal offset type","file":"\/nas\/content\/staging\/wealthbar\/wp-admin\/includes\/template.php","line":1254}

Aug 31 2018 21:42:58
{"type":2,"message":"Illegal offset type","file":"\/nas\/content\/staging\/wealthbar\/wp-admin\/includes\/template.php","line":1254}

Aug 31 2018 21:43:04
{"type":2,"message":"Illegal offset type","file":"\/nas\/content\/staging\/wealthbar\/wp-admin\/includes\/template.php","line":1254}

Aug 31 2018 21:43:10
{"type":2,"message":"Illegal offset type","file":"\/nas\/content\/staging\/wealthbar\/wp-admin\/includes\/template.php","line":1254}

Aug 31 2018 21:43:16
{"type":2,"message":"Illegal offset type","file":"\/nas\/content\/staging\/wealthbar\/wp-admin\/includes\/template.php","line":1254}

Aug 31 2018 21:43:32
{"type":2,"message":"Illegal offset type","file":"\/nas\/content\/staging\/wealthbar\/wp-admin\/includes\/template.php","line":1254}

Aug 31 2018 21:43:56
{"type":2,"message":"Illegal offset type","file":"\/nas\/content\/staging\/wealthbar\/wp-admin\/includes\/template.php","line":1254}

Aug 31 2018 21:44:09
{"type":2,"message":"Illegal offset type","file":"\/nas\/content\/staging\/wealthbar\/wp-admin\/includes\/template.php","line":1254}

Aug 31 2018 21:44:15
{"type":2,"message":"Illegal offset type","file":"\/nas\/content\/staging\/wealthbar\/wp-admin\/includes\/template.php","line":1254}

Aug 31 2018 21:44:21
{"type":2,"message":"Illegal offset type","file":"\/nas\/content\/staging\/wealthbar\/wp-admin\/includes\/template.php","line":1254}

Aug 31 2018 21:44:29
{"type":2,"message":"Illegal offset type","file":"\/nas\/content\/staging\/wealthbar\/wp-admin\/includes\/template.php","line":1254}

Aug 31 2018 21:44:36
{"type":2,"message":"Illegal offset type","file":"\/nas\/content\/staging\/wealthbar\/wp-admin\/includes\/template.php","line":1254}

Aug 31 2018 21:44:49
{"type":2,"message":"Illegal offset type","file":"\/nas\/content\/staging\/wealthbar\/wp-admin\/includes\/template.php","line":1254}

Aug 31 2018 21:44:57
{"type":2,"message":"Illegal offset type","file":"\/nas\/content\/staging\/wealthbar\/wp-admin\/includes\/template.php","line":1254}

Aug 31 2018 21:45:16
{"type":2,"message":"Illegal offset type","file":"\/nas\/content\/staging\/wealthbar\/wp-admin\/includes\/template.php","line":1254}

Aug 31 2018 21:45:35
{"type":2,"message":"Illegal offset type","file":"\/nas\/content\/staging\/wealthbar\/wp-admin\/includes\/template.php","line":1254}

Aug 31 2018 21:45:50
{"type":2,"message":"Illegal offset type","file":"\/nas\/content\/staging\/wealthbar\/wp-admin\/includes\/template.php","line":1254}

Aug 31 2018 21:46:03
{"type":2,"message":"Illegal offset type","file":"\/nas\/content\/staging\/wealthbar\/wp-admin\/includes\/template.php","line":1254}

Aug 31 2018 21:46:09
{"type":2,"message":"Illegal offset type","file":"\/nas\/content\/staging\/wealthbar\/wp-admin\/includes\/template.php","line":1254}

Aug 31 2018 21:46:15
{"type":2,"message":"Illegal offset type","file":"\/nas\/content\/staging\/wealthbar\/wp-admin\/includes\/template.php","line":1254}

Aug 31 2018 21:46:20
{"type":2,"message":"Illegal offset type","file":"\/nas\/content\/staging\/wealthbar\/wp-admin\/includes\/template.php","line":1254}

Aug 31 2018 21:46:27
{"type":2,"message":"Illegal offset type","file":"\/nas\/content\/staging\/wealthbar\/wp-admin\/includes\/template.php","line":1254}

Aug 31 2018 21:46:35
{"type":2,"message":"Illegal offset type","file":"\/nas\/content\/staging\/wealthbar\/wp-admin\/includes\/template.php","line":1254}

Aug 31 2018 21:46:40
{"type":2,"message":"Illegal offset type","file":"\/nas\/content\/staging\/wealthbar\/wp-admin\/includes\/template.php","line":1254}

Aug 31 2018 21:46:50
{"type":2,"message":"Illegal offset type","file":"\/nas\/content\/staging\/wealthbar\/wp-admin\/includes\/template.php","line":1254}

Aug 31 2018 21:46:59
{"type":2,"message":"Illegal offset type","file":"\/nas\/content\/staging\/wealthbar\/wp-admin\/includes\/template.php","line":1254}

Aug 31 2018 21:47:04
{"type":2,"message":"Illegal offset type","file":"\/nas\/content\/staging\/wealthbar\/wp-admin\/includes\/template.php","line":1254}

Aug 31 2018 21:47:18
{"type":2,"message":"Illegal offset type","file":"\/nas\/content\/staging\/wealthbar\/wp-admin\/includes\/template.php","line":1254}

Aug 31 2018 21:47:24
{"type":2,"message":"Illegal offset type","file":"\/nas\/content\/staging\/wealthbar\/wp-admin\/includes\/template.php","line":1254}

Aug 31 2018 21:47:30
{"type":2,"message":"Illegal offset type","file":"\/nas\/content\/staging\/wealthbar\/wp-admin\/includes\/template.php","line":1254}

Aug 31 2018 21:47:36
{"type":2,"message":"Illegal offset type","file":"\/nas\/content\/staging\/wealthbar\/wp-admin\/includes\/template.php","line":1254}

Aug 31 2018 21:47:42
{"type":2,"message":"Illegal offset type","file":"\/nas\/content\/staging\/wealthbar\/wp-admin\/includes\/template.php","line":1254}

Aug 31 2018 21:47:47
{"type":2,"message":"Illegal offset type","file":"\/nas\/content\/staging\/wealthbar\/wp-admin\/includes\/template.php","line":1254}

Aug 31 2018 21:47:52
{"type":2,"message":"Illegal offset type","file":"\/nas\/content\/staging\/wealthbar\/wp-admin\/includes\/template.php","line":1254}

Aug 31 2018 21:47:58
{"type":2,"message":"Illegal offset type","file":"\/nas\/content\/staging\/wealthbar\/wp-admin\/includes\/template.php","line":1254}

Aug 31 2018 21:48:03
{"type":2,"message":"Illegal offset type","file":"\/nas\/content\/staging\/wealthbar\/wp-admin\/includes\/template.php","line":1254}

Aug 31 2018 21:48:09
{"type":2,"message":"Illegal offset type","file":"\/nas\/content\/staging\/wealthbar\/wp-admin\/includes\/template.php","line":1254}

Aug 31 2018 21:48:14
{"type":2,"message":"Illegal offset type","file":"\/nas\/content\/staging\/wealthbar\/wp-admin\/includes\/template.php","line":1254}

Aug 31 2018 21:48:19
{"type":2,"message":"Illegal offset type","file":"\/nas\/content\/staging\/wealthbar\/wp-admin\/includes\/template.php","line":1254}

Aug 31 2018 21:48:28
{"type":2,"message":"Illegal offset type","file":"\/nas\/content\/staging\/wealthbar\/wp-admin\/includes\/template.php","line":1254}

Aug 31 2018 21:48:33
{"type":2,"message":"Illegal offset type","file":"\/nas\/content\/staging\/wealthbar\/wp-admin\/includes\/template.php","line":1254}

Aug 31 2018 21:48:40
{"type":2,"message":"Illegal offset type","file":"\/nas\/content\/staging\/wealthbar\/wp-admin\/includes\/template.php","line":1254}

Aug 31 2018 21:49:03
{"type":2,"message":"Illegal offset type","file":"\/nas\/content\/staging\/wealthbar\/wp-admin\/includes\/template.php","line":1254}

Aug 31 2018 21:49:22
{"type":2,"message":"Illegal offset type","file":"\/nas\/content\/staging\/wealthbar\/wp-admin\/includes\/template.php","line":1254}

Aug 31 2018 21:49:37
{"type":2,"message":"Illegal offset type","file":"\/nas\/content\/staging\/wealthbar\/wp-admin\/includes\/template.php","line":1254}

Aug 31 2018 21:49:46
{"type":2,"message":"Illegal offset type","file":"\/nas\/content\/staging\/wealthbar\/wp-admin\/includes\/template.php","line":1254}

Aug 31 2018 21:49:51
{"type":2,"message":"Illegal offset type","file":"\/nas\/content\/staging\/wealthbar\/wp-admin\/includes\/template.php","line":1254}

Aug 31 2018 21:49:57
{"type":2,"message":"Illegal offset type","file":"\/nas\/content\/staging\/wealthbar\/wp-admin\/includes\/template.php","line":1254}

Aug 31 2018 21:50:03
{"type":2,"message":"Illegal offset type","file":"\/nas\/content\/staging\/wealthbar\/wp-admin\/includes\/template.php","line":1254}

Aug 31 2018 21:50:10
{"type":2,"message":"Illegal offset type","file":"\/nas\/content\/staging\/wealthbar\/wp-admin\/includes\/template.php","line":1254}

Aug 31 2018 21:50:15
{"type":2,"message":"Illegal offset type","file":"\/nas\/content\/staging\/wealthbar\/wp-admin\/includes\/template.php","line":1254}

Aug 31 2018 21:50:31
{"type":2,"message":"Illegal offset type","file":"\/nas\/content\/staging\/wealthbar\/wp-admin\/includes\/template.php","line":1254}

Aug 31 2018 21:50:46
{"type":2,"message":"Illegal offset type","file":"\/nas\/content\/staging\/wealthbar\/wp-admin\/includes\/template.php","line":1254}

Aug 31 2018 21:51:03
{"type":2,"message":"Illegal offset type","file":"\/nas\/content\/staging\/wealthbar\/wp-admin\/includes\/template.php","line":1254}

Aug 31 2018 21:51:15
{"type":2,"message":"Illegal offset type","file":"\/nas\/content\/staging\/wealthbar\/wp-admin\/includes\/template.php","line":1254}

Aug 31 2018 21:51:25
{"type":2,"message":"Illegal offset type","file":"\/nas\/content\/staging\/wealthbar\/wp-admin\/includes\/template.php","line":1254}

Aug 31 2018 21:51:31
{"type":2,"message":"Illegal offset type","file":"\/nas\/content\/staging\/wealthbar\/wp-admin\/includes\/template.php","line":1254}

Aug 31 2018 21:51:37
{"type":2,"message":"Illegal offset type","file":"\/nas\/content\/staging\/wealthbar\/wp-admin\/includes\/template.php","line":1254}

Aug 31 2018 21:51:43
{"type":2,"message":"Illegal offset type","file":"\/nas\/content\/staging\/wealthbar\/wp-admin\/includes\/template.php","line":1254}

Aug 31 2018 21:51:49
{"type":2,"message":"Illegal offset type","file":"\/nas\/content\/staging\/wealthbar\/wp-admin\/includes\/template.php","line":1254}

Aug 31 2018 21:52:06
{"type":2,"message":"Illegal offset type","file":"\/nas\/content\/staging\/wealthbar\/wp-admin\/includes\/template.php","line":1254}

Aug 31 2018 21:52:25
{"type":2,"message":"Illegal offset type","file":"\/nas\/content\/staging\/wealthbar\/wp-admin\/includes\/template.php","line":1254}

Aug 31 2018 21:52:30
{"type":2,"message":"Illegal offset type","file":"\/nas\/content\/staging\/wealthbar\/wp-admin\/includes\/template.php","line":1254}

Aug 31 2018 21:52:31
{"type":2,"message":"Illegal offset type","file":"\/nas\/content\/staging\/wealthbar\/wp-admin\/includes\/template.php","line":1254}

Aug 31 2018 21:52:33
{"type":2,"message":"Illegal offset type","file":"\/nas\/content\/staging\/wealthbar\/wp-admin\/includes\/template.php","line":1254}

Aug 31 2018 21:52:34
{"type":2,"message":"Illegal offset type","file":"\/nas\/content\/staging\/wealthbar\/wp-admin\/includes\/template.php","line":1254}

Aug 31 2018 21:58:01
{"type":2,"message":"Illegal offset type","file":"\/nas\/content\/staging\/wealthbar\/wp-admin\/includes\/template.php","line":1254}

Aug 31 2018 21:58:02
{"type":2,"message":"Illegal offset type","file":"\/nas\/content\/staging\/wealthbar\/wp-admin\/includes\/template.php","line":1254}

Aug 31 2018 21:58:09
{"type":2,"message":"Illegal offset type","file":"\/nas\/content\/staging\/wealthbar\/wp-admin\/includes\/template.php","line":1254}

Aug 31 2018 21:58:10
{"type":2,"message":"Illegal offset type","file":"\/nas\/content\/staging\/wealthbar\/wp-admin\/includes\/template.php","line":1254}

Aug 31 2018 21:58:15
{"type":2,"message":"Illegal offset type","file":"\/nas\/content\/staging\/wealthbar\/wp-admin\/includes\/template.php","line":1254}

Aug 31 2018 21:58:16
{"type":2,"message":"Illegal offset type","file":"\/nas\/content\/staging\/wealthbar\/wp-admin\/includes\/template.php","line":1254}

Sep 21 2018 00:23:03
{"type":2,"message":"Illegal offset type","file":"\/nas\/content\/staging\/wealthbar\/wp-admin\/includes\/template.php","line":1254}

Sep 21 2018 00:23:03
{"type":2,"message":"Illegal offset type","file":"\/nas\/content\/staging\/wealthbar\/wp-admin\/includes\/template.php","line":1254}

Sep 21 2018 00:23:04
{"type":2,"message":"Illegal offset type","file":"\/nas\/content\/staging\/wealthbar\/wp-admin\/includes\/template.php","line":1254}

Sep 21 2018 00:23:05
{"type":2,"message":"Illegal offset type","file":"\/nas\/content\/staging\/wealthbar\/wp-admin\/includes\/template.php","line":1254}

Sep 21 2018 00:23:09
{"type":2,"message":"Illegal offset type","file":"\/nas\/content\/staging\/wealthbar\/wp-admin\/includes\/template.php","line":1254}

Sep 21 2018 00:23:19
{"type":2,"message":"Illegal offset type","file":"\/nas\/content\/staging\/wealthbar\/wp-admin\/includes\/template.php","line":1254}

Sep 21 2018 00:23:24
{"Number":2,"Message":"fopen(\/nas\/content\/staging\/wealthbar\/wp-content\/mysql.sql): failed to open stream: Permission denied","File":"\/nas\/content\/staging\/wealthbar\/wp-content\/plugins\/all-in-one-wp-migration\/lib\/vendor\/servmask\/archiver\/class-ai1wm-compressor.php","Line":68}

Sep 21 2018 00:23:30
{"type":2,"message":"Illegal offset type","file":"\/nas\/content\/staging\/wealthbar\/wp-admin\/includes\/template.php","line":1254}

Sep 21 2018 00:23:40
{"type":2,"message":"Illegal offset type","file":"\/nas\/content\/staging\/wealthbar\/wp-admin\/includes\/template.php","line":1254}

Sep 21 2018 00:23:46
{"type":2,"message":"Illegal offset type","file":"\/nas\/content\/staging\/wealthbar\/wp-admin\/includes\/template.php","line":1254}

Sep 21 2018 00:23:48
{"type":2,"message":"Illegal offset type","file":"\/nas\/content\/staging\/wealthbar\/wp-admin\/includes\/template.php","line":1254}

Sep 21 2018 00:23:49
{"type":2,"message":"Illegal offset type","file":"\/nas\/content\/staging\/wealthbar\/wp-admin\/includes\/template.php","line":1254}

Sep 21 2018 00:23:49
{"type":2,"message":"Illegal offset type","file":"\/nas\/content\/staging\/wealthbar\/wp-admin\/includes\/template.php","line":1254}

Sep 21 2018 00:23:50
{"type":2,"message":"Illegal offset type","file":"\/nas\/content\/staging\/wealthbar\/wp-admin\/includes\/template.php","line":1254}

Oct 01 2018 21:06:47
{"type":2,"message":"Illegal offset type","file":"\/nas\/content\/staging\/wealthbar\/wp-admin\/includes\/template.php","line":1254}

Oct 01 2018 21:06:47
{"type":2,"message":"Illegal offset type","file":"\/nas\/content\/staging\/wealthbar\/wp-admin\/includes\/template.php","line":1254}

Oct 01 2018 21:06:48
{"type":2,"message":"Illegal offset type","file":"\/nas\/content\/staging\/wealthbar\/wp-admin\/includes\/template.php","line":1254}

Oct 01 2018 21:06:49
{"type":2,"message":"Illegal offset type","file":"\/nas\/content\/staging\/wealthbar\/wp-admin\/includes\/template.php","line":1254}

Oct 01 2018 21:06:53
{"type":2,"message":"Illegal offset type","file":"\/nas\/content\/staging\/wealthbar\/wp-admin\/includes\/template.php","line":1254}

Oct 01 2018 21:07:04
{"type":2,"message":"Illegal offset type","file":"\/nas\/content\/staging\/wealthbar\/wp-admin\/includes\/template.php","line":1254}

Oct 01 2018 21:07:10
{"Number":2,"Message":"fopen(\/nas\/content\/staging\/wealthbar\/wp-content\/mysql.sql): failed to open stream: Permission denied","File":"\/nas\/content\/staging\/wealthbar\/wp-content\/plugins\/all-in-one-wp-migration\/lib\/vendor\/servmask\/archiver\/class-ai1wm-compressor.php","Line":68}

Oct 01 2018 21:07:15
{"type":2,"message":"Illegal offset type","file":"\/nas\/content\/staging\/wealthbar\/wp-admin\/includes\/template.php","line":1254}

Oct 01 2018 21:07:25
{"type":2,"message":"Illegal offset type","file":"\/nas\/content\/staging\/wealthbar\/wp-admin\/includes\/template.php","line":1254}

Oct 01 2018 21:07:33
{"type":2,"message":"Illegal offset type","file":"\/nas\/content\/staging\/wealthbar\/wp-admin\/includes\/template.php","line":1254}

Oct 01 2018 21:07:34
{"type":2,"message":"Illegal offset type","file":"\/nas\/content\/staging\/wealthbar\/wp-admin\/includes\/template.php","line":1254}

Oct 01 2018 21:07:35
{"type":2,"message":"Illegal offset type","file":"\/nas\/content\/staging\/wealthbar\/wp-admin\/includes\/template.php","line":1254}

Oct 01 2018 21:07:36
{"type":2,"message":"Illegal offset type","file":"\/nas\/content\/staging\/wealthbar\/wp-admin\/includes\/template.php","line":1254}

Oct 01 2018 21:07:36
{"type":2,"message":"Illegal offset type","file":"\/nas\/content\/staging\/wealthbar\/wp-admin\/includes\/template.php","line":1254}

