2019-08-15T19:11:35+00:00 CRITICAL Uncaught Error: Class 'checkboxlimit' not found in /homepages/13/d790147281/htdocs/clickandbuilds/TheDojoTradeShow/wp-content/themes/consultax/functions.php:414
Stack trace:
#0 /homepages/13/d790147281/htdocs/clickandbuilds/TheDojoTradeShow/wp-settings.php(499): include()
#1 /homepages/13/d790147281/htdocs/clickandbuilds/TheDojoTradeShow/wp-config.php(80): require_once('/homepages/13/d...')
#2 /homepages/13/d790147281/htdocs/clickandbuilds/TheDojoTradeShow/wp-load.php(37): require_once('/homepages/13/d...')
#3 /homepages/13/d790147281/htdocs/clickandbuilds/TheDojoTradeShow/wp-admin/admin-ajax.php(22): require_once('/homepages/13/d...')
#4 {main}
  thrown in /homepages/13/d790147281/htdocs/clickandbuilds/TheDojoTradeShow/wp-content/themes/consultax/functions.php on line 414

2019-08-15T19:11:36+00:00 CRITICAL Uncaught Error: Class 'checkboxlimit' not found in /homepages/13/d790147281/htdocs/clickandbuilds/TheDojoTradeShow/wp-content/themes/consultax/functions.php:414
Stack trace:
#0 /homepages/13/d790147281/htdocs/clickandbuilds/TheDojoTradeShow/wp-settings.php(499): include()
#1 /homepages/13/d790147281/htdocs/clickandbuilds/TheDojoTradeShow/wp-config.php(80): require_once('/homepages/13/d...')
#2 /homepages/13/d790147281/htdocs/clickandbuilds/TheDojoTradeShow/wp-load.php(37): require_once('/homepages/13/d...')
#3 /homepages/13/d790147281/htdocs/clickandbuilds/TheDojoTradeShow/wp-admin/admin-ajax.php(22): require_once('/homepages/13/d...')
#4 {main}
  thrown in /homepages/13/d790147281/htdocs/clickandbuilds/TheDojoTradeShow/wp-content/themes/consultax/functions.php on line 414

2019-08-15T19:11:36+00:00 CRITICAL Uncaught Error: Class 'checkboxlimit' not found in /homepages/13/d790147281/htdocs/clickandbuilds/TheDojoTradeShow/wp-content/themes/consultax/functions.php:414
Stack trace:
#0 /homepages/13/d790147281/htdocs/clickandbuilds/TheDojoTradeShow/wp-settings.php(499): include()
#1 /homepages/13/d790147281/htdocs/clickandbuilds/TheDojoTradeShow/wp-config.php(80): require_once('/homepages/13/d...')
#2 /homepages/13/d790147281/htdocs/clickandbuilds/TheDojoTradeShow/wp-load.php(37): require_once('/homepages/13/d...')
#3 /homepages/13/d790147281/htdocs/clickandbuilds/TheDojoTradeShow/wp-admin/admin-ajax.php(22): require_once('/homepages/13/d...')
#4 {main}
  thrown in /homepages/13/d790147281/htdocs/clickandbuilds/TheDojoTradeShow/wp-content/themes/consultax/functions.php on line 414

2019-08-15T19:11:37+00:00 CRITICAL Uncaught Error: Class 'checkboxlimit' not found in /homepages/13/d790147281/htdocs/clickandbuilds/TheDojoTradeShow/wp-content/themes/consultax/functions.php:414
Stack trace:
#0 /homepages/13/d790147281/htdocs/clickandbuilds/TheDojoTradeShow/wp-settings.php(499): include()
#1 /homepages/13/d790147281/htdocs/clickandbuilds/TheDojoTradeShow/wp-config.php(80): require_once('/homepages/13/d...')
#2 /homepages/13/d790147281/htdocs/clickandbuilds/TheDojoTradeShow/wp-load.php(37): require_once('/homepages/13/d...')
#3 /homepages/13/d790147281/htdocs/clickandbuilds/TheDojoTradeShow/wp-admin/admin-ajax.php(22): require_once('/homepages/13/d...')
#4 {main}
  thrown in /homepages/13/d790147281/htdocs/clickandbuilds/TheDojoTradeShow/wp-content/themes/consultax/functions.php on line 414

2019-08-15T19:11:37+00:00 CRITICAL Uncaught Error: Class 'checkboxlimit' not found in /homepages/13/d790147281/htdocs/clickandbuilds/TheDojoTradeShow/wp-content/themes/consultax/functions.php:414
Stack trace:
#0 /homepages/13/d790147281/htdocs/clickandbuilds/TheDojoTradeShow/wp-settings.php(499): include()
#1 /homepages/13/d790147281/htdocs/clickandbuilds/TheDojoTradeShow/wp-config.php(80): require_once('/homepages/13/d...')
#2 /homepages/13/d790147281/htdocs/clickandbuilds/TheDojoTradeShow/wp-load.php(37): require_once('/homepages/13/d...')
#3 /homepages/13/d790147281/htdocs/clickandbuilds/TheDojoTradeShow/wp-admin/admin-ajax.php(22): require_once('/homepages/13/d...')
#4 {main}
  thrown in /homepages/13/d790147281/htdocs/clickandbuilds/TheDojoTradeShow/wp-content/themes/consultax/functions.php on line 414

2019-08-15T19:11:43+00:00 CRITICAL Uncaught Error: Class 'checkboxlimit' not found in /homepages/13/d790147281/htdocs/clickandbuilds/TheDojoTradeShow/wp-content/themes/consultax/functions.php:414
Stack trace:
#0 /homepages/13/d790147281/htdocs/clickandbuilds/TheDojoTradeShow/wp-settings.php(499): include()
#1 /homepages/13/d790147281/htdocs/clickandbuilds/TheDojoTradeShow/wp-config.php(80): require_once('/homepages/13/d...')
#2 /homepages/13/d790147281/htdocs/clickandbuilds/TheDojoTradeShow/wp-load.php(37): require_once('/homepages/13/d...')
#3 /homepages/13/d790147281/htdocs/clickandbuilds/TheDojoTradeShow/wp-admin/admin-ajax.php(22): require_once('/homepages/13/d...')
#4 {main}
  thrown in /homepages/13/d790147281/htdocs/clickandbuilds/TheDojoTradeShow/wp-content/themes/consultax/functions.php on line 414

2019-08-15T19:11:59+00:00 CRITICAL Uncaught Error: Class 'checkboxlimit' not found in /homepages/13/d790147281/htdocs/clickandbuilds/TheDojoTradeShow/wp-content/themes/consultax/functions.php:414
Stack trace:
#0 /homepages/13/d790147281/htdocs/clickandbuilds/TheDojoTradeShow/wp-settings.php(499): include()
#1 /homepages/13/d790147281/htdocs/clickandbuilds/TheDojoTradeShow/wp-config.php(80): require_once('/homepages/13/d...')
#2 /homepages/13/d790147281/htdocs/clickandbuilds/TheDojoTradeShow/wp-load.php(37): require_once('/homepages/13/d...')
#3 /homepages/13/d790147281/htdocs/clickandbuilds/TheDojoTradeShow/wp-admin/admin-ajax.php(22): require_once('/homepages/13/d...')
#4 {main}
  thrown in /homepages/13/d790147281/htdocs/clickandbuilds/TheDojoTradeShow/wp-content/themes/consultax/functions.php on line 414

2019-08-15T19:12:59+00:00 CRITICAL Uncaught Error: Class 'checkboxlimit' not found in /homepages/13/d790147281/htdocs/clickandbuilds/TheDojoTradeShow/wp-content/themes/consultax/functions.php:414
Stack trace:
#0 /homepages/13/d790147281/htdocs/clickandbuilds/TheDojoTradeShow/wp-settings.php(499): include()
#1 /homepages/13/d790147281/htdocs/clickandbuilds/TheDojoTradeShow/wp-config.php(80): require_once('/homepages/13/d...')
#2 /homepages/13/d790147281/htdocs/clickandbuilds/TheDojoTradeShow/wp-load.php(37): require_once('/homepages/13/d...')
#3 /homepages/13/d790147281/htdocs/clickandbuilds/TheDojoTradeShow/wp-admin/admin-ajax.php(22): require_once('/homepages/13/d...')
#4 {main}
  thrown in /homepages/13/d790147281/htdocs/clickandbuilds/TheDojoTradeShow/wp-content/themes/consultax/functions.php on line 414

2019-08-15T19:13:15+00:00 CRITICAL Uncaught Error: Class 'checkboxlimit' not found in /homepages/13/d790147281/htdocs/clickandbuilds/TheDojoTradeShow/wp-content/themes/consultax/functions.php:414
Stack trace:
#0 /homepages/13/d790147281/htdocs/clickandbuilds/TheDojoTradeShow/wp-settings.php(499): include()
#1 /homepages/13/d790147281/htdocs/clickandbuilds/TheDojoTradeShow/wp-config.php(80): require_once('/homepages/13/d...')
#2 /homepages/13/d790147281/htdocs/clickandbuilds/TheDojoTradeShow/wp-load.php(37): require_once('/homepages/13/d...')
#3 /homepages/13/d790147281/htdocs/clickandbuilds/TheDojoTradeShow/wp-admin/admin-ajax.php(22): require_once('/homepages/13/d...')
#4 {main}
  thrown in /homepages/13/d790147281/htdocs/clickandbuilds/TheDojoTradeShow/wp-content/themes/consultax/functions.php on line 414

2019-08-15T19:13:44+00:00 CRITICAL Uncaught Error: Class 'checkboxlimit' not found in /homepages/13/d790147281/htdocs/clickandbuilds/TheDojoTradeShow/wp-content/themes/consultax/functions.php:414
Stack trace:
#0 /homepages/13/d790147281/htdocs/clickandbuilds/TheDojoTradeShow/wp-settings.php(499): include()
#1 /homepages/13/d790147281/htdocs/clickandbuilds/TheDojoTradeShow/wp-config.php(80): require_once('/homepages/13/d...')
#2 /homepages/13/d790147281/htdocs/clickandbuilds/TheDojoTradeShow/wp-load.php(37): require_once('/homepages/13/d...')
#3 /homepages/13/d790147281/htdocs/clickandbuilds/TheDojoTradeShow/wp-admin/admin-ajax.php(22): require_once('/homepages/13/d...')
#4 {main}
  thrown in /homepages/13/d790147281/htdocs/clickandbuilds/TheDojoTradeShow/wp-content/themes/consultax/functions.php on line 414

2019-08-15T19:13:59+00:00 CRITICAL Uncaught Error: Class 'checkboxlimit' not found in /homepages/13/d790147281/htdocs/clickandbuilds/TheDojoTradeShow/wp-content/themes/consultax/functions.php:414
Stack trace:
#0 /homepages/13/d790147281/htdocs/clickandbuilds/TheDojoTradeShow/wp-settings.php(499): include()
#1 /homepages/13/d790147281/htdocs/clickandbuilds/TheDojoTradeShow/wp-config.php(80): require_once('/homepages/13/d...')
#2 /homepages/13/d790147281/htdocs/clickandbuilds/TheDojoTradeShow/wp-load.php(37): require_once('/homepages/13/d...')
#3 /homepages/13/d790147281/htdocs/clickandbuilds/TheDojoTradeShow/wp-admin/admin-ajax.php(22): require_once('/homepages/13/d...')
#4 {main}
  thrown in /homepages/13/d790147281/htdocs/clickandbuilds/TheDojoTradeShow/wp-content/themes/consultax/functions.php on line 414

2019-08-15T19:14:59+00:00 CRITICAL Uncaught Error: Class 'checkboxlimit' not found in /homepages/13/d790147281/htdocs/clickandbuilds/TheDojoTradeShow/wp-content/themes/consultax/functions.php:414
Stack trace:
#0 /homepages/13/d790147281/htdocs/clickandbuilds/TheDojoTradeShow/wp-settings.php(499): include()
#1 /homepages/13/d790147281/htdocs/clickandbuilds/TheDojoTradeShow/wp-config.php(80): require_once('/homepages/13/d...')
#2 /homepages/13/d790147281/htdocs/clickandbuilds/TheDojoTradeShow/wp-load.php(37): require_once('/homepages/13/d...')
#3 /homepages/13/d790147281/htdocs/clickandbuilds/TheDojoTradeShow/wp-admin/admin-ajax.php(22): require_once('/homepages/13/d...')
#4 {main}
  thrown in /homepages/13/d790147281/htdocs/clickandbuilds/TheDojoTradeShow/wp-content/themes/consultax/functions.php on line 414

2019-08-15T19:15:15+00:00 CRITICAL Uncaught Error: Class 'checkboxlimit' not found in /homepages/13/d790147281/htdocs/clickandbuilds/TheDojoTradeShow/wp-content/themes/consultax/functions.php:414
Stack trace:
#0 /homepages/13/d790147281/htdocs/clickandbuilds/TheDojoTradeShow/wp-settings.php(499): include()
#1 /homepages/13/d790147281/htdocs/clickandbuilds/TheDojoTradeShow/wp-config.php(80): require_once('/homepages/13/d...')
#2 /homepages/13/d790147281/htdocs/clickandbuilds/TheDojoTradeShow/wp-load.php(37): require_once('/homepages/13/d...')
#3 /homepages/13/d790147281/htdocs/clickandbuilds/TheDojoTradeShow/wp-admin/admin-ajax.php(22): require_once('/homepages/13/d...')
#4 {main}
  thrown in /homepages/13/d790147281/htdocs/clickandbuilds/TheDojoTradeShow/wp-content/themes/consultax/functions.php on line 414

2019-08-15T19:15:45+00:00 CRITICAL Uncaught Error: Class 'checkboxlimit' not found in /homepages/13/d790147281/htdocs/clickandbuilds/TheDojoTradeShow/wp-content/themes/consultax/functions.php:414
Stack trace:
#0 /homepages/13/d790147281/htdocs/clickandbuilds/TheDojoTradeShow/wp-settings.php(499): include()
#1 /homepages/13/d790147281/htdocs/clickandbuilds/TheDojoTradeShow/wp-config.php(80): require_once('/homepages/13/d...')
#2 /homepages/13/d790147281/htdocs/clickandbuilds/TheDojoTradeShow/wp-load.php(37): require_once('/homepages/13/d...')
#3 /homepages/13/d790147281/htdocs/clickandbuilds/TheDojoTradeShow/wp-admin/admin-ajax.php(22): require_once('/homepages/13/d...')
#4 {main}
  thrown in /homepages/13/d790147281/htdocs/clickandbuilds/TheDojoTradeShow/wp-content/themes/consultax/functions.php on line 414

2019-08-15T19:15:59+00:00 CRITICAL Uncaught Error: Class 'checkboxlimit' not found in /homepages/13/d790147281/htdocs/clickandbuilds/TheDojoTradeShow/wp-content/themes/consultax/functions.php:414
Stack trace:
#0 /homepages/13/d790147281/htdocs/clickandbuilds/TheDojoTradeShow/wp-settings.php(499): include()
#1 /homepages/13/d790147281/htdocs/clickandbuilds/TheDojoTradeShow/wp-config.php(80): require_once('/homepages/13/d...')
#2 /homepages/13/d790147281/htdocs/clickandbuilds/TheDojoTradeShow/wp-load.php(37): require_once('/homepages/13/d...')
#3 /homepages/13/d790147281/htdocs/clickandbuilds/TheDojoTradeShow/wp-admin/admin-ajax.php(22): require_once('/homepages/13/d...')
#4 {main}
  thrown in /homepages/13/d790147281/htdocs/clickandbuilds/TheDojoTradeShow/wp-content/themes/consultax/functions.php on line 414

2019-08-15T19:16:59+00:00 CRITICAL Uncaught Error: Class 'checkboxlimit' not found in /homepages/13/d790147281/htdocs/clickandbuilds/TheDojoTradeShow/wp-content/themes/consultax/functions.php:414
Stack trace:
#0 /homepages/13/d790147281/htdocs/clickandbuilds/TheDojoTradeShow/wp-settings.php(499): include()
#1 /homepages/13/d790147281/htdocs/clickandbuilds/TheDojoTradeShow/wp-config.php(80): require_once('/homepages/13/d...')
#2 /homepages/13/d790147281/htdocs/clickandbuilds/TheDojoTradeShow/wp-load.php(37): require_once('/homepages/13/d...')
#3 /homepages/13/d790147281/htdocs/clickandbuilds/TheDojoTradeShow/wp-admin/admin-ajax.php(22): require_once('/homepages/13/d...')
#4 {main}
  thrown in /homepages/13/d790147281/htdocs/clickandbuilds/TheDojoTradeShow/wp-content/themes/consultax/functions.php on line 414

2019-08-15T19:17:15+00:00 CRITICAL Uncaught Error: Class 'checkboxlimit' not found in /homepages/13/d790147281/htdocs/clickandbuilds/TheDojoTradeShow/wp-content/themes/consultax/functions.php:414
Stack trace:
#0 /homepages/13/d790147281/htdocs/clickandbuilds/TheDojoTradeShow/wp-settings.php(499): include()
#1 /homepages/13/d790147281/htdocs/clickandbuilds/TheDojoTradeShow/wp-config.php(80): require_once('/homepages/13/d...')
#2 /homepages/13/d790147281/htdocs/clickandbuilds/TheDojoTradeShow/wp-load.php(37): require_once('/homepages/13/d...')
#3 /homepages/13/d790147281/htdocs/clickandbuilds/TheDojoTradeShow/wp-admin/admin-ajax.php(22): require_once('/homepages/13/d...')
#4 {main}
  thrown in /homepages/13/d790147281/htdocs/clickandbuilds/TheDojoTradeShow/wp-content/themes/consultax/functions.php on line 414

2019-08-15T19:17:46+00:00 CRITICAL Uncaught Error: Class 'checkboxlimit' not found in /homepages/13/d790147281/htdocs/clickandbuilds/TheDojoTradeShow/wp-content/themes/consultax/functions.php:414
Stack trace:
#0 /homepages/13/d790147281/htdocs/clickandbuilds/TheDojoTradeShow/wp-settings.php(499): include()
#1 /homepages/13/d790147281/htdocs/clickandbuilds/TheDojoTradeShow/wp-config.php(80): require_once('/homepages/13/d...')
#2 /homepages/13/d790147281/htdocs/clickandbuilds/TheDojoTradeShow/wp-load.php(37): require_once('/homepages/13/d...')
#3 /homepages/13/d790147281/htdocs/clickandbuilds/TheDojoTradeShow/wp-admin/admin-ajax.php(22): require_once('/homepages/13/d...')
#4 {main}
  thrown in /homepages/13/d790147281/htdocs/clickandbuilds/TheDojoTradeShow/wp-content/themes/consultax/functions.php on line 414

2019-08-15T19:17:56+00:00 CRITICAL Uncaught Error: Class 'checkboxlimit' not found in /homepages/13/d790147281/htdocs/clickandbuilds/TheDojoTradeShow/wp-content/themes/consultax/functions.php:414
Stack trace:
#0 /homepages/13/d790147281/htdocs/clickandbuilds/TheDojoTradeShow/wp-settings.php(499): include()
#1 /homepages/13/d790147281/htdocs/clickandbuilds/TheDojoTradeShow/wp-config.php(80): require_once('/homepages/13/d...')
#2 /homepages/13/d790147281/htdocs/clickandbuilds/TheDojoTradeShow/wp-load.php(37): require_once('/homepages/13/d...')
#3 /homepages/13/d790147281/htdocs/clickandbuilds/TheDojoTradeShow/wp-admin/admin-ajax.php(22): require_once('/homepages/13/d...')
#4 {main}
  thrown in /homepages/13/d790147281/htdocs/clickandbuilds/TheDojoTradeShow/wp-content/themes/consultax/functions.php on line 414

2019-08-15T19:17:57+00:00 CRITICAL Uncaught Error: Class 'checkboxlimit' not found in /homepages/13/d790147281/htdocs/clickandbuilds/TheDojoTradeShow/wp-content/themes/consultax/functions.php:414
Stack trace:
#0 /homepages/13/d790147281/htdocs/clickandbuilds/TheDojoTradeShow/wp-settings.php(499): include()
#1 /homepages/13/d790147281/htdocs/clickandbuilds/TheDojoTradeShow/wp-config.php(80): require_once('/homepages/13/d...')
#2 /homepages/13/d790147281/htdocs/clickandbuilds/TheDojoTradeShow/wp-load.php(37): require_once('/homepages/13/d...')
#3 /homepages/13/d790147281/htdocs/clickandbuilds/TheDojoTradeShow/wp-admin/admin-ajax.php(22): require_once('/homepages/13/d...')
#4 {main}
  thrown in /homepages/13/d790147281/htdocs/clickandbuilds/TheDojoTradeShow/wp-content/themes/consultax/functions.php on line 414

2019-08-15T19:17:57+00:00 CRITICAL Uncaught Error: Class 'checkboxlimit' not found in /homepages/13/d790147281/htdocs/clickandbuilds/TheDojoTradeShow/wp-content/themes/consultax/functions.php:414
Stack trace:
#0 /homepages/13/d790147281/htdocs/clickandbuilds/TheDojoTradeShow/wp-settings.php(499): include()
#1 /homepages/13/d790147281/htdocs/clickandbuilds/TheDojoTradeShow/wp-config.php(80): require_once('/homepages/13/d...')
#2 /homepages/13/d790147281/htdocs/clickandbuilds/TheDojoTradeShow/wp-load.php(37): require_once('/homepages/13/d...')
#3 /homepages/13/d790147281/htdocs/clickandbuilds/TheDojoTradeShow/wp-admin/admin-ajax.php(22): require_once('/homepages/13/d...')
#4 {main}
  thrown in /homepages/13/d790147281/htdocs/clickandbuilds/TheDojoTradeShow/wp-content/themes/consultax/functions.php on line 414

2019-08-15T19:17:58+00:00 CRITICAL Uncaught Error: Class 'checkboxlimit' not found in /homepages/13/d790147281/htdocs/clickandbuilds/TheDojoTradeShow/wp-content/themes/consultax/functions.php:414
Stack trace:
#0 /homepages/13/d790147281/htdocs/clickandbuilds/TheDojoTradeShow/wp-settings.php(499): include()
#1 /homepages/13/d790147281/htdocs/clickandbuilds/TheDojoTradeShow/wp-config.php(80): require_once('/homepages/13/d...')
#2 /homepages/13/d790147281/htdocs/clickandbuilds/TheDojoTradeShow/wp-load.php(37): require_once('/homepages/13/d...')
#3 /homepages/13/d790147281/htdocs/clickandbuilds/TheDojoTradeShow/wp-admin/admin-ajax.php(22): require_once('/homepages/13/d...')
#4 {main}
  thrown in /homepages/13/d790147281/htdocs/clickandbuilds/TheDojoTradeShow/wp-content/themes/consultax/functions.php on line 414

2019-08-15T19:17:58+00:00 CRITICAL Uncaught Error: Class 'checkboxlimit' not found in /homepages/13/d790147281/htdocs/clickandbuilds/TheDojoTradeShow/wp-content/themes/consultax/functions.php:414
Stack trace:
#0 /homepages/13/d790147281/htdocs/clickandbuilds/TheDojoTradeShow/wp-settings.php(499): include()
#1 /homepages/13/d790147281/htdocs/clickandbuilds/TheDojoTradeShow/wp-config.php(80): require_once('/homepages/13/d...')
#2 /homepages/13/d790147281/htdocs/clickandbuilds/TheDojoTradeShow/wp-load.php(37): require_once('/homepages/13/d...')
#3 /homepages/13/d790147281/htdocs/clickandbuilds/TheDojoTradeShow/wp-admin/admin-ajax.php(22): require_once('/homepages/13/d...')
#4 {main}
  thrown in /homepages/13/d790147281/htdocs/clickandbuilds/TheDojoTradeShow/wp-content/themes/consultax/functions.php on line 414

2019-08-15T19:17:58+00:00 CRITICAL Uncaught Error: Class 'checkboxlimit' not found in /homepages/13/d790147281/htdocs/clickandbuilds/TheDojoTradeShow/wp-content/themes/consultax/functions.php:414
Stack trace:
#0 /homepages/13/d790147281/htdocs/clickandbuilds/TheDojoTradeShow/wp-settings.php(499): include()
#1 /homepages/13/d790147281/htdocs/clickandbuilds/TheDojoTradeShow/wp-config.php(80): require_once('/homepages/13/d...')
#2 /homepages/13/d790147281/htdocs/clickandbuilds/TheDojoTradeShow/wp-load.php(37): require_once('/homepages/13/d...')
#3 /homepages/13/d790147281/htdocs/clickandbuilds/TheDojoTradeShow/wp-admin/admin-ajax.php(22): require_once('/homepages/13/d...')
#4 {main}
  thrown in /homepages/13/d790147281/htdocs/clickandbuilds/TheDojoTradeShow/wp-content/themes/consultax/functions.php on line 414

2019-08-15T19:18:59+00:00 CRITICAL Uncaught Error: Class 'checkboxlimit' not found in /homepages/13/d790147281/htdocs/clickandbuilds/TheDojoTradeShow/wp-content/themes/consultax/functions.php:414
Stack trace:
#0 /homepages/13/d790147281/htdocs/clickandbuilds/TheDojoTradeShow/wp-settings.php(499): include()
#1 /homepages/13/d790147281/htdocs/clickandbuilds/TheDojoTradeShow/wp-config.php(80): require_once('/homepages/13/d...')
#2 /homepages/13/d790147281/htdocs/clickandbuilds/TheDojoTradeShow/wp-load.php(37): require_once('/homepages/13/d...')
#3 /homepages/13/d790147281/htdocs/clickandbuilds/TheDojoTradeShow/wp-admin/admin-ajax.php(22): require_once('/homepages/13/d...')
#4 {main}
  thrown in /homepages/13/d790147281/htdocs/clickandbuilds/TheDojoTradeShow/wp-content/themes/consultax/functions.php on line 414

2019-08-15T19:19:15+00:00 CRITICAL Uncaught Error: Class 'checkboxlimit' not found in /homepages/13/d790147281/htdocs/clickandbuilds/TheDojoTradeShow/wp-content/themes/consultax/functions.php:414
Stack trace:
#0 /homepages/13/d790147281/htdocs/clickandbuilds/TheDojoTradeShow/wp-settings.php(499): include()
#1 /homepages/13/d790147281/htdocs/clickandbuilds/TheDojoTradeShow/wp-config.php(80): require_once('/homepages/13/d...')
#2 /homepages/13/d790147281/htdocs/clickandbuilds/TheDojoTradeShow/wp-load.php(37): require_once('/homepages/13/d...')
#3 /homepages/13/d790147281/htdocs/clickandbuilds/TheDojoTradeShow/wp-admin/admin-ajax.php(22): require_once('/homepages/13/d...')
#4 {main}
  thrown in /homepages/13/d790147281/htdocs/clickandbuilds/TheDojoTradeShow/wp-content/themes/consultax/functions.php on line 414

2019-08-15T19:19:46+00:00 CRITICAL Uncaught Error: Class 'checkboxlimit' not found in /homepages/13/d790147281/htdocs/clickandbuilds/TheDojoTradeShow/wp-content/themes/consultax/functions.php:414
Stack trace:
#0 /homepages/13/d790147281/htdocs/clickandbuilds/TheDojoTradeShow/wp-settings.php(499): include()
#1 /homepages/13/d790147281/htdocs/clickandbuilds/TheDojoTradeShow/wp-config.php(80): require_once('/homepages/13/d...')
#2 /homepages/13/d790147281/htdocs/clickandbuilds/TheDojoTradeShow/wp-load.php(37): require_once('/homepages/13/d...')
#3 /homepages/13/d790147281/htdocs/clickandbuilds/TheDojoTradeShow/wp-admin/admin-ajax.php(22): require_once('/homepages/13/d...')
#4 {main}
  thrown in /homepages/13/d790147281/htdocs/clickandbuilds/TheDojoTradeShow/wp-content/themes/consultax/functions.php on line 414

2019-08-15T19:19:59+00:00 CRITICAL Uncaught Error: Class 'checkboxlimit' not found in /homepages/13/d790147281/htdocs/clickandbuilds/TheDojoTradeShow/wp-content/themes/consultax/functions.php:414
Stack trace:
#0 /homepages/13/d790147281/htdocs/clickandbuilds/TheDojoTradeShow/wp-settings.php(499): include()
#1 /homepages/13/d790147281/htdocs/clickandbuilds/TheDojoTradeShow/wp-config.php(80): require_once('/homepages/13/d...')
#2 /homepages/13/d790147281/htdocs/clickandbuilds/TheDojoTradeShow/wp-load.php(37): require_once('/homepages/13/d...')
#3 /homepages/13/d790147281/htdocs/clickandbuilds/TheDojoTradeShow/wp-admin/admin-ajax.php(22): require_once('/homepages/13/d...')
#4 {main}
  thrown in /homepages/13/d790147281/htdocs/clickandbuilds/TheDojoTradeShow/wp-content/themes/consultax/functions.php on line 414

2019-08-15T19:20:53+00:00 CRITICAL Uncaught Error: Class 'checkboxlimit' not found in /homepages/13/d790147281/htdocs/clickandbuilds/TheDojoTradeShow/wp-content/themes/consultax/functions.php:414
Stack trace:
#0 /homepages/13/d790147281/htdocs/clickandbuilds/TheDojoTradeShow/wp-settings.php(499): include()
#1 /homepages/13/d790147281/htdocs/clickandbuilds/TheDojoTradeShow/wp-config.php(80): require_once('/homepages/13/d...')
#2 /homepages/13/d790147281/htdocs/clickandbuilds/TheDojoTradeShow/wp-load.php(37): require_once('/homepages/13/d...')
#3 /homepages/13/d790147281/htdocs/clickandbuilds/TheDojoTradeShow/wp-admin/admin-ajax.php(22): require_once('/homepages/13/d...')
#4 {main}
  thrown in /homepages/13/d790147281/htdocs/clickandbuilds/TheDojoTradeShow/wp-content/themes/consultax/functions.php on line 414

2019-08-15T19:20:59+00:00 CRITICAL Uncaught Error: Class 'checkboxlimit' not found in /homepages/13/d790147281/htdocs/clickandbuilds/TheDojoTradeShow/wp-content/themes/consultax/functions.php:414
Stack trace:
#0 /homepages/13/d790147281/htdocs/clickandbuilds/TheDojoTradeShow/wp-settings.php(499): include()
#1 /homepages/13/d790147281/htdocs/clickandbuilds/TheDojoTradeShow/wp-config.php(80): require_once('/homepages/13/d...')
#2 /homepages/13/d790147281/htdocs/clickandbuilds/TheDojoTradeShow/wp-load.php(37): require_once('/homepages/13/d...')
#3 /homepages/13/d790147281/htdocs/clickandbuilds/TheDojoTradeShow/wp-admin/admin-ajax.php(22): require_once('/homepages/13/d...')
#4 {main}
  thrown in /homepages/13/d790147281/htdocs/clickandbuilds/TheDojoTradeShow/wp-content/themes/consultax/functions.php on line 414

2019-08-15T19:21:23+00:00 CRITICAL Uncaught Error: Class 'checkboxlimit' not found in /homepages/13/d790147281/htdocs/clickandbuilds/TheDojoTradeShow/wp-content/themes/consultax/functions.php:414
Stack trace:
#0 /homepages/13/d790147281/htdocs/clickandbuilds/TheDojoTradeShow/wp-settings.php(499): include()
#1 /homepages/13/d790147281/htdocs/clickandbuilds/TheDojoTradeShow/wp-config.php(80): require_once('/homepages/13/d...')
#2 /homepages/13/d790147281/htdocs/clickandbuilds/TheDojoTradeShow/wp-load.php(37): require_once('/homepages/13/d...')
#3 /homepages/13/d790147281/htdocs/clickandbuilds/TheDojoTradeShow/wp-admin/admin-ajax.php(22): require_once('/homepages/13/d...')
#4 {main}
  thrown in /homepages/13/d790147281/htdocs/clickandbuilds/TheDojoTradeShow/wp-content/themes/consultax/functions.php on line 414

2019-08-15T19:21:23+00:00 CRITICAL Uncaught Error: Class 'checkboxlimit' not found in /homepages/13/d790147281/htdocs/clickandbuilds/TheDojoTradeShow/wp-content/themes/consultax/functions.php:414
Stack trace:
#0 /homepages/13/d790147281/htdocs/clickandbuilds/TheDojoTradeShow/wp-settings.php(499): include()
#1 /homepages/13/d790147281/htdocs/clickandbuilds/TheDojoTradeShow/wp-config.php(80): require_once('/homepages/13/d...')
#2 /homepages/13/d790147281/htdocs/clickandbuilds/TheDojoTradeShow/wp-load.php(37): require_once('/homepages/13/d...')
#3 /homepages/13/d790147281/htdocs/clickandbuilds/TheDojoTradeShow/wp-blog-header.php(13): require_once('/homepages/13/d...')
#4 /homepages/13/d790147281/htdocs/clickandbuilds/TheDojoTradeShow/index.php(17): require('/homepages/13/d...')
#5 {main}
  thrown in /homepages/13/d790147281/htdocs/clickandbuilds/TheDojoTradeShow/wp-content/themes/consultax/functions.php on line 414

2019-08-15T19:21:53+00:00 CRITICAL Uncaught Error: Class 'checkboxlimit' not found in /homepages/13/d790147281/htdocs/clickandbuilds/TheDojoTradeShow/wp-content/themes/consultax/functions.php:414
Stack trace:
#0 /homepages/13/d790147281/htdocs/clickandbuilds/TheDojoTradeShow/wp-settings.php(499): include()
#1 /homepages/13/d790147281/htdocs/clickandbuilds/TheDojoTradeShow/wp-config.php(80): require_once('/homepages/13/d...')
#2 /homepages/13/d790147281/htdocs/clickandbuilds/TheDojoTradeShow/wp-load.php(37): require_once('/homepages/13/d...')
#3 /homepages/13/d790147281/htdocs/clickandbuilds/TheDojoTradeShow/wp-admin/admin-ajax.php(22): require_once('/homepages/13/d...')
#4 {main}
  thrown in /homepages/13/d790147281/htdocs/clickandbuilds/TheDojoTradeShow/wp-content/themes/consultax/functions.php on line 414

2019-08-15T19:22:09+00:00 CRITICAL Uncaught Error: Class 'checkboxlimit' not found in /homepages/13/d790147281/htdocs/clickandbuilds/TheDojoTradeShow/wp-content/themes/consultax/functions.php:414
Stack trace:
#0 /homepages/13/d790147281/htdocs/clickandbuilds/TheDojoTradeShow/wp-settings.php(499): include()
#1 /homepages/13/d790147281/htdocs/clickandbuilds/TheDojoTradeShow/wp-config.php(80): require_once('/homepages/13/d...')
#2 /homepages/13/d790147281/htdocs/clickandbuilds/TheDojoTradeShow/wp-load.php(37): require_once('/homepages/13/d...')
#3 /homepages/13/d790147281/htdocs/clickandbuilds/TheDojoTradeShow/wp-blog-header.php(13): require_once('/homepages/13/d...')
#4 /homepages/13/d790147281/htdocs/clickandbuilds/TheDojoTradeShow/index.php(17): require('/homepages/13/d...')
#5 {main}
  thrown in /homepages/13/d790147281/htdocs/clickandbuilds/TheDojoTradeShow/wp-content/themes/consultax/functions.php on line 414

2019-08-15T19:22:19+00:00 CRITICAL Uncaught Error: Class 'checkboxlimit' not found in /homepages/13/d790147281/htdocs/clickandbuilds/TheDojoTradeShow/wp-content/themes/consultax/functions.php:414
Stack trace:
#0 /homepages/13/d790147281/htdocs/clickandbuilds/TheDojoTradeShow/wp-settings.php(499): include()
#1 /homepages/13/d790147281/htdocs/clickandbuilds/TheDojoTradeShow/wp-config.php(80): require_once('/homepages/13/d...')
#2 /homepages/13/d790147281/htdocs/clickandbuilds/TheDojoTradeShow/wp-load.php(37): require_once('/homepages/13/d...')
#3 /homepages/13/d790147281/htdocs/clickandbuilds/TheDojoTradeShow/wp-blog-header.php(13): require_once('/homepages/13/d...')
#4 /homepages/13/d790147281/htdocs/clickandbuilds/TheDojoTradeShow/index.php(17): require('/homepages/13/d...')
#5 {main}
  thrown in /homepages/13/d790147281/htdocs/clickandbuilds/TheDojoTradeShow/wp-content/themes/consultax/functions.php on line 414

2019-08-15T19:22:23+00:00 CRITICAL Uncaught Error: Class 'checkboxlimit' not found in /homepages/13/d790147281/htdocs/clickandbuilds/TheDojoTradeShow/wp-content/themes/consultax/functions.php:414
Stack trace:
#0 /homepages/13/d790147281/htdocs/clickandbuilds/TheDojoTradeShow/wp-settings.php(499): include()
#1 /homepages/13/d790147281/htdocs/clickandbuilds/TheDojoTradeShow/wp-config.php(80): require_once('/homepages/13/d...')
#2 /homepages/13/d790147281/htdocs/clickandbuilds/TheDojoTradeShow/wp-load.php(37): require_once('/homepages/13/d...')
#3 /homepages/13/d790147281/htdocs/clickandbuilds/TheDojoTradeShow/wp-admin/admin-ajax.php(22): require_once('/homepages/13/d...')
#4 {main}
  thrown in /homepages/13/d790147281/htdocs/clickandbuilds/TheDojoTradeShow/wp-content/themes/consultax/functions.php on line 414

2019-08-15T19:22:41+00:00 CRITICAL Uncaught Error: Class 'checkboxlimit' not found in /homepages/13/d790147281/htdocs/clickandbuilds/TheDojoTradeShow/wp-content/themes/consultax/functions.php:414
Stack trace:
#0 /homepages/13/d790147281/htdocs/clickandbuilds/TheDojoTradeShow/wp-settings.php(499): include()
#1 /homepages/13/d790147281/htdocs/clickandbuilds/TheDojoTradeShow/wp-config.php(80): require_once('/homepages/13/d...')
#2 /homepages/13/d790147281/htdocs/clickandbuilds/TheDojoTradeShow/wp-load.php(37): require_once('/homepages/13/d...')
#3 /homepages/13/d790147281/htdocs/clickandbuilds/TheDojoTradeShow/wp-blog-header.php(13): require_once('/homepages/13/d...')
#4 /homepages/13/d790147281/htdocs/clickandbuilds/TheDojoTradeShow/index.php(17): require('/homepages/13/d...')
#5 {main}
  thrown in /homepages/13/d790147281/htdocs/clickandbuilds/TheDojoTradeShow/wp-content/themes/consultax/functions.php on line 414

2019-08-15T19:22:49+00:00 CRITICAL Uncaught Error: Class 'checkboxlimit' not found in /homepages/13/d790147281/htdocs/clickandbuilds/TheDojoTradeShow/wp-content/themes/consultax/functions.php:414
Stack trace:
#0 /homepages/13/d790147281/htdocs/clickandbuilds/TheDojoTradeShow/wp-settings.php(499): include()
#1 /homepages/13/d790147281/htdocs/clickandbuilds/TheDojoTradeShow/wp-config.php(80): require_once('/homepages/13/d...')
#2 /homepages/13/d790147281/htdocs/clickandbuilds/TheDojoTradeShow/wp-load.php(37): require_once('/homepages/13/d...')
#3 /homepages/13/d790147281/htdocs/clickandbuilds/TheDojoTradeShow/wp-blog-header.php(13): require_once('/homepages/13/d...')
#4 /homepages/13/d790147281/htdocs/clickandbuilds/TheDojoTradeShow/index.php(17): require('/homepages/13/d...')
#5 {main}
  thrown in /homepages/13/d790147281/htdocs/clickandbuilds/TheDojoTradeShow/wp-content/themes/consultax/functions.php on line 414

2019-08-15T19:22:53+00:00 CRITICAL Uncaught Error: Class 'checkboxlimit' not found in /homepages/13/d790147281/htdocs/clickandbuilds/TheDojoTradeShow/wp-content/themes/consultax/functions.php:414
Stack trace:
#0 /homepages/13/d790147281/htdocs/clickandbuilds/TheDojoTradeShow/wp-settings.php(499): include()
#1 /homepages/13/d790147281/htdocs/clickandbuilds/TheDojoTradeShow/wp-config.php(80): require_once('/homepages/13/d...')
#2 /homepages/13/d790147281/htdocs/clickandbuilds/TheDojoTradeShow/wp-load.php(37): require_once('/homepages/13/d...')
#3 /homepages/13/d790147281/htdocs/clickandbuilds/TheDojoTradeShow/wp-admin/admin-ajax.php(22): require_once('/homepages/13/d...')
#4 {main}
  thrown in /homepages/13/d790147281/htdocs/clickandbuilds/TheDojoTradeShow/wp-content/themes/consultax/functions.php on line 414

2019-08-15T19:23:01+00:00 CRITICAL Uncaught Error: Class 'checkboxlimit' not found in /homepages/13/d790147281/htdocs/clickandbuilds/TheDojoTradeShow/wp-content/themes/consultax/functions.php:414
Stack trace:
#0 /homepages/13/d790147281/htdocs/clickandbuilds/TheDojoTradeShow/wp-settings.php(499): include()
#1 /homepages/13/d790147281/htdocs/clickandbuilds/TheDojoTradeShow/wp-config.php(80): require_once('/homepages/13/d...')
#2 /homepages/13/d790147281/htdocs/clickandbuilds/TheDojoTradeShow/wp-load.php(37): require_once('/homepages/13/d...')
#3 /homepages/13/d790147281/htdocs/clickandbuilds/TheDojoTradeShow/wp-admin/admin-ajax.php(22): require_once('/homepages/13/d...')
#4 {main}
  thrown in /homepages/13/d790147281/htdocs/clickandbuilds/TheDojoTradeShow/wp-content/themes/consultax/functions.php on line 414

2019-08-15T19:23:23+00:00 CRITICAL Uncaught Error: Class 'checkboxlimit' not found in /homepages/13/d790147281/htdocs/clickandbuilds/TheDojoTradeShow/wp-content/themes/consultax/functions.php:414
Stack trace:
#0 /homepages/13/d790147281/htdocs/clickandbuilds/TheDojoTradeShow/wp-settings.php(499): include()
#1 /homepages/13/d790147281/htdocs/clickandbuilds/TheDojoTradeShow/wp-config.php(80): require_once('/homepages/13/d...')
#2 /homepages/13/d790147281/htdocs/clickandbuilds/TheDojoTradeShow/wp-load.php(37): require_once('/homepages/13/d...')
#3 /homepages/13/d790147281/htdocs/clickandbuilds/TheDojoTradeShow/wp-admin/admin-ajax.php(22): require_once('/homepages/13/d...')
#4 {main}
  thrown in /homepages/13/d790147281/htdocs/clickandbuilds/TheDojoTradeShow/wp-content/themes/consultax/functions.php on line 414

2019-08-15T19:23:42+00:00 CRITICAL Uncaught Error: Class 'checkboxlimit' not found in /homepages/13/d790147281/htdocs/clickandbuilds/TheDojoTradeShow/wp-content/themes/consultax/functions.php:414
Stack trace:
#0 /homepages/13/d790147281/htdocs/clickandbuilds/TheDojoTradeShow/wp-settings.php(499): include()
#1 /homepages/13/d790147281/htdocs/clickandbuilds/TheDojoTradeShow/wp-config.php(80): require_once('/homepages/13/d...')
#2 /homepages/13/d790147281/htdocs/clickandbuilds/TheDojoTradeShow/wp-load.php(37): require_once('/homepages/13/d...')
#3 /homepages/13/d790147281/htdocs/clickandbuilds/TheDojoTradeShow/wp-blog-header.php(13): require_once('/homepages/13/d...')
#4 /homepages/13/d790147281/htdocs/clickandbuilds/TheDojoTradeShow/index.php(17): require('/homepages/13/d...')
#5 {main}
  thrown in /homepages/13/d790147281/htdocs/clickandbuilds/TheDojoTradeShow/wp-content/themes/consultax/functions.php on line 414

2019-08-15T19:23:48+00:00 CRITICAL Uncaught Error: Class 'checkboxlimit' not found in /homepages/13/d790147281/htdocs/clickandbuilds/TheDojoTradeShow/wp-content/themes/consultax/functions.php:414
Stack trace:
#0 /homepages/13/d790147281/htdocs/clickandbuilds/TheDojoTradeShow/wp-settings.php(499): include()
#1 /homepages/13/d790147281/htdocs/clickandbuilds/TheDojoTradeShow/wp-config.php(80): require_once('/homepages/13/d...')
#2 /homepages/13/d790147281/htdocs/clickandbuilds/TheDojoTradeShow/wp-load.php(37): require_once('/homepages/13/d...')
#3 /homepages/13/d790147281/htdocs/clickandbuilds/TheDojoTradeShow/wp-blog-header.php(13): require_once('/homepages/13/d...')
#4 /homepages/13/d790147281/htdocs/clickandbuilds/TheDojoTradeShow/index.php(17): require('/homepages/13/d...')
#5 {main}
  thrown in /homepages/13/d790147281/htdocs/clickandbuilds/TheDojoTradeShow/wp-content/themes/consultax/functions.php on line 414

2019-08-15T19:23:53+00:00 CRITICAL Uncaught Error: Class 'checkboxlimit' not found in /homepages/13/d790147281/htdocs/clickandbuilds/TheDojoTradeShow/wp-content/themes/consultax/functions.php:414
Stack trace:
#0 /homepages/13/d790147281/htdocs/clickandbuilds/TheDojoTradeShow/wp-settings.php(499): include()
#1 /homepages/13/d790147281/htdocs/clickandbuilds/TheDojoTradeShow/wp-config.php(80): require_once('/homepages/13/d...')
#2 /homepages/13/d790147281/htdocs/clickandbuilds/TheDojoTradeShow/wp-load.php(37): require_once('/homepages/13/d...')
#3 /homepages/13/d790147281/htdocs/clickandbuilds/TheDojoTradeShow/wp-admin/admin-ajax.php(22): require_once('/homepages/13/d...')
#4 {main}
  thrown in /homepages/13/d790147281/htdocs/clickandbuilds/TheDojoTradeShow/wp-content/themes/consultax/functions.php on line 414

2019-08-15T19:24:14+00:00 CRITICAL Uncaught Error: Class 'checkboxlimit' not found in /homepages/13/d790147281/htdocs/clickandbuilds/TheDojoTradeShow/wp-content/themes/consultax/functions.php:414
Stack trace:
#0 /homepages/13/d790147281/htdocs/clickandbuilds/TheDojoTradeShow/wp-settings.php(499): include()
#1 /homepages/13/d790147281/htdocs/clickandbuilds/TheDojoTradeShow/wp-config.php(80): require_once('/homepages/13/d...')
#2 /homepages/13/d790147281/htdocs/clickandbuilds/TheDojoTradeShow/wp-load.php(37): require_once('/homepages/13/d...')
#3 /homepages/13/d790147281/htdocs/clickandbuilds/TheDojoTradeShow/wp-blog-header.php(13): require_once('/homepages/13/d...')
#4 /homepages/13/d790147281/htdocs/clickandbuilds/TheDojoTradeShow/index.php(17): require('/homepages/13/d...')
#5 {main}
  thrown in /homepages/13/d790147281/htdocs/clickandbuilds/TheDojoTradeShow/wp-content/themes/consultax/functions.php on line 414

2019-08-15T19:24:23+00:00 CRITICAL Uncaught Error: Class 'checkboxlimit' not found in /homepages/13/d790147281/htdocs/clickandbuilds/TheDojoTradeShow/wp-content/themes/consultax/functions.php:414
Stack trace:
#0 /homepages/13/d790147281/htdocs/clickandbuilds/TheDojoTradeShow/wp-settings.php(499): include()
#1 /homepages/13/d790147281/htdocs/clickandbuilds/TheDojoTradeShow/wp-config.php(80): require_once('/homepages/13/d...')
#2 /homepages/13/d790147281/htdocs/clickandbuilds/TheDojoTradeShow/wp-load.php(37): require_once('/homepages/13/d...')
#3 /homepages/13/d790147281/htdocs/clickandbuilds/TheDojoTradeShow/wp-admin/admin-ajax.php(22): require_once('/homepages/13/d...')
#4 {main}
  thrown in /homepages/13/d790147281/htdocs/clickandbuilds/TheDojoTradeShow/wp-content/themes/consultax/functions.php on line 414

2019-08-15T19:25:01+00:00 CRITICAL Uncaught Error: Class 'checkboxlimit' not found in /homepages/13/d790147281/htdocs/clickandbuilds/TheDojoTradeShow/wp-content/themes/consultax/functions.php:414
Stack trace:
#0 /homepages/13/d790147281/htdocs/clickandbuilds/TheDojoTradeShow/wp-settings.php(499): include()
#1 /homepages/13/d790147281/htdocs/clickandbuilds/TheDojoTradeShow/wp-config.php(80): require_once('/homepages/13/d...')
#2 /homepages/13/d790147281/htdocs/clickandbuilds/TheDojoTradeShow/wp-load.php(37): require_once('/homepages/13/d...')
#3 /homepages/13/d790147281/htdocs/clickandbuilds/TheDojoTradeShow/wp-admin/admin-ajax.php(22): require_once('/homepages/13/d...')
#4 {main}
  thrown in /homepages/13/d790147281/htdocs/clickandbuilds/TheDojoTradeShow/wp-content/themes/consultax/functions.php on line 414

2019-08-15T19:25:07+00:00 CRITICAL Uncaught Error: Class 'checkboxlimit' not found in /homepages/13/d790147281/htdocs/clickandbuilds/TheDojoTradeShow/wp-content/themes/consultax/functions.php:414
Stack trace:
#0 /homepages/13/d790147281/htdocs/clickandbuilds/TheDojoTradeShow/wp-settings.php(499): include()
#1 /homepages/13/d790147281/htdocs/clickandbuilds/TheDojoTradeShow/wp-config.php(80): require_once('/homepages/13/d...')
#2 /homepages/13/d790147281/htdocs/clickandbuilds/TheDojoTradeShow/wp-load.php(37): require_once('/homepages/13/d...')
#3 /homepages/13/d790147281/htdocs/clickandbuilds/TheDojoTradeShow/wp-admin/admin-ajax.php(22): require_once('/homepages/13/d...')
#4 {main}
  thrown in /homepages/13/d790147281/htdocs/clickandbuilds/TheDojoTradeShow/wp-content/themes/consultax/functions.php on line 414

2019-08-15T19:25:37+00:00 CRITICAL Uncaught Error: Class 'checkboxlimit' not found in /homepages/13/d790147281/htdocs/clickandbuilds/TheDojoTradeShow/wp-content/themes/consultax/functions.php:414
Stack trace:
#0 /homepages/13/d790147281/htdocs/clickandbuilds/TheDojoTradeShow/wp-settings.php(499): include()
#1 /homepages/13/d790147281/htdocs/clickandbuilds/TheDojoTradeShow/wp-config.php(80): require_once('/homepages/13/d...')
#2 /homepages/13/d790147281/htdocs/clickandbuilds/TheDojoTradeShow/wp-load.php(37): require_once('/homepages/13/d...')
#3 /homepages/13/d790147281/htdocs/clickandbuilds/TheDojoTradeShow/wp-admin/admin-ajax.php(22): require_once('/homepages/13/d...')
#4 {main}
  thrown in /homepages/13/d790147281/htdocs/clickandbuilds/TheDojoTradeShow/wp-content/themes/consultax/functions.php on line 414

2019-08-15T19:26:08+00:00 CRITICAL Uncaught Error: Class 'checkboxlimit' not found in /homepages/13/d790147281/htdocs/clickandbuilds/TheDojoTradeShow/wp-content/themes/consultax/functions.php:414
Stack trace:
#0 /homepages/13/d790147281/htdocs/clickandbuilds/TheDojoTradeShow/wp-settings.php(499): include()
#1 /homepages/13/d790147281/htdocs/clickandbuilds/TheDojoTradeShow/wp-config.php(80): require_once('/homepages/13/d...')
#2 /homepages/13/d790147281/htdocs/clickandbuilds/TheDojoTradeShow/wp-load.php(37): require_once('/homepages/13/d...')
#3 /homepages/13/d790147281/htdocs/clickandbuilds/TheDojoTradeShow/wp-admin/admin-ajax.php(22): require_once('/homepages/13/d...')
#4 {main}
  thrown in /homepages/13/d790147281/htdocs/clickandbuilds/TheDojoTradeShow/wp-content/themes/consultax/functions.php on line 414

2019-08-15T19:26:40+00:00 CRITICAL Uncaught Error: Class 'checkboxlimit' not found in /homepages/13/d790147281/htdocs/clickandbuilds/TheDojoTradeShow/wp-content/themes/consultax/functions.php:414
Stack trace:
#0 /homepages/13/d790147281/htdocs/clickandbuilds/TheDojoTradeShow/wp-settings.php(499): include()
#1 /homepages/13/d790147281/htdocs/clickandbuilds/TheDojoTradeShow/wp-config.php(80): require_once('/homepages/13/d...')
#2 /homepages/13/d790147281/htdocs/clickandbuilds/TheDojoTradeShow/wp-load.php(37): require_once('/homepages/13/d...')
#3 /homepages/13/d790147281/htdocs/clickandbuilds/TheDojoTradeShow/wp-admin/admin-ajax.php(22): require_once('/homepages/13/d...')
#4 {main}
  thrown in /homepages/13/d790147281/htdocs/clickandbuilds/TheDojoTradeShow/wp-content/themes/consultax/functions.php on line 414

2019-08-15T19:27:02+00:00 CRITICAL Uncaught Error: Class 'checkboxlimit' not found in /homepages/13/d790147281/htdocs/clickandbuilds/TheDojoTradeShow/wp-content/themes/consultax/functions.php:414
Stack trace:
#0 /homepages/13/d790147281/htdocs/clickandbuilds/TheDojoTradeShow/wp-settings.php(499): include()
#1 /homepages/13/d790147281/htdocs/clickandbuilds/TheDojoTradeShow/wp-config.php(80): require_once('/homepages/13/d...')
#2 /homepages/13/d790147281/htdocs/clickandbuilds/TheDojoTradeShow/wp-load.php(37): require_once('/homepages/13/d...')
#3 /homepages/13/d790147281/htdocs/clickandbuilds/TheDojoTradeShow/wp-admin/admin-ajax.php(22): require_once('/homepages/13/d...')
#4 {main}
  thrown in /homepages/13/d790147281/htdocs/clickandbuilds/TheDojoTradeShow/wp-content/themes/consultax/functions.php on line 414

2019-08-15T19:27:10+00:00 CRITICAL Uncaught Error: Class 'checkboxlimit' not found in /homepages/13/d790147281/htdocs/clickandbuilds/TheDojoTradeShow/wp-content/themes/consultax/functions.php:414
Stack trace:
#0 /homepages/13/d790147281/htdocs/clickandbuilds/TheDojoTradeShow/wp-settings.php(499): include()
#1 /homepages/13/d790147281/htdocs/clickandbuilds/TheDojoTradeShow/wp-config.php(80): require_once('/homepages/13/d...')
#2 /homepages/13/d790147281/htdocs/clickandbuilds/TheDojoTradeShow/wp-load.php(37): require_once('/homepages/13/d...')
#3 /homepages/13/d790147281/htdocs/clickandbuilds/TheDojoTradeShow/wp-admin/admin-ajax.php(22): require_once('/homepages/13/d...')
#4 {main}
  thrown in /homepages/13/d790147281/htdocs/clickandbuilds/TheDojoTradeShow/wp-content/themes/consultax/functions.php on line 414

2019-08-15T19:27:48+00:00 CRITICAL Uncaught Error: Class 'checkboxlimit' not found in /homepages/13/d790147281/htdocs/clickandbuilds/TheDojoTradeShow/wp-content/themes/consultax/functions.php:414
Stack trace:
#0 /homepages/13/d790147281/htdocs/clickandbuilds/TheDojoTradeShow/wp-settings.php(499): include()
#1 /homepages/13/d790147281/htdocs/clickandbuilds/TheDojoTradeShow/wp-config.php(80): require_once('/homepages/13/d...')
#2 /homepages/13/d790147281/htdocs/clickandbuilds/TheDojoTradeShow/wp-load.php(37): require_once('/homepages/13/d...')
#3 /homepages/13/d790147281/htdocs/clickandbuilds/TheDojoTradeShow/wp-admin/admin-ajax.php(22): require_once('/homepages/13/d...')
#4 {main}
  thrown in /homepages/13/d790147281/htdocs/clickandbuilds/TheDojoTradeShow/wp-content/themes/consultax/functions.php on line 414

2019-08-15T19:28:18+00:00 CRITICAL Uncaught Error: Class 'checkboxlimit' not found in /homepages/13/d790147281/htdocs/clickandbuilds/TheDojoTradeShow/wp-content/themes/consultax/functions.php:414
Stack trace:
#0 /homepages/13/d790147281/htdocs/clickandbuilds/TheDojoTradeShow/wp-settings.php(499): include()
#1 /homepages/13/d790147281/htdocs/clickandbuilds/TheDojoTradeShow/wp-config.php(80): require_once('/homepages/13/d...')
#2 /homepages/13/d790147281/htdocs/clickandbuilds/TheDojoTradeShow/wp-load.php(37): require_once('/homepages/13/d...')
#3 /homepages/13/d790147281/htdocs/clickandbuilds/TheDojoTradeShow/wp-admin/admin-ajax.php(22): require_once('/homepages/13/d...')
#4 {main}
  thrown in /homepages/13/d790147281/htdocs/clickandbuilds/TheDojoTradeShow/wp-content/themes/consultax/functions.php on line 414

2019-08-15T19:28:38+00:00 CRITICAL Uncaught Error: Class 'checkboxlimit' not found in /homepages/13/d790147281/htdocs/clickandbuilds/TheDojoTradeShow/wp-content/themes/consultax/functions.php:414
Stack trace:
#0 /homepages/13/d790147281/htdocs/clickandbuilds/TheDojoTradeShow/wp-settings.php(499): include()
#1 /homepages/13/d790147281/htdocs/clickandbuilds/TheDojoTradeShow/wp-config.php(80): require_once('/homepages/13/d...')
#2 /homepages/13/d790147281/htdocs/clickandbuilds/TheDojoTradeShow/wp-load.php(37): require_once('/homepages/13/d...')
#3 /homepages/13/d790147281/htdocs/clickandbuilds/TheDojoTradeShow/wp-blog-header.php(13): require_once('/homepages/13/d...')
#4 /homepages/13/d790147281/htdocs/clickandbuilds/TheDojoTradeShow/index.php(17): require('/homepages/13/d...')
#5 {main}
  thrown in /homepages/13/d790147281/htdocs/clickandbuilds/TheDojoTradeShow/wp-content/themes/consultax/functions.php on line 414

2019-08-15T19:28:48+00:00 CRITICAL Uncaught Error: Class 'checkboxlimit' not found in /homepages/13/d790147281/htdocs/clickandbuilds/TheDojoTradeShow/wp-content/themes/consultax/functions.php:414
Stack trace:
#0 /homepages/13/d790147281/htdocs/clickandbuilds/TheDojoTradeShow/wp-settings.php(499): include()
#1 /homepages/13/d790147281/htdocs/clickandbuilds/TheDojoTradeShow/wp-config.php(80): require_once('/homepages/13/d...')
#2 /homepages/13/d790147281/htdocs/clickandbuilds/TheDojoTradeShow/wp-load.php(37): require_once('/homepages/13/d...')
#3 /homepages/13/d790147281/htdocs/clickandbuilds/TheDojoTradeShow/wp-admin/admin-ajax.php(22): require_once('/homepages/13/d...')
#4 {main}
  thrown in /homepages/13/d790147281/htdocs/clickandbuilds/TheDojoTradeShow/wp-content/themes/consultax/functions.php on line 414

2019-08-15T19:29:03+00:00 CRITICAL Uncaught Error: Class 'checkboxlimit' not found in /homepages/13/d790147281/htdocs/clickandbuilds/TheDojoTradeShow/wp-content/themes/consultax/functions.php:414
Stack trace:
#0 /homepages/13/d790147281/htdocs/clickandbuilds/TheDojoTradeShow/wp-settings.php(499): include()
#1 /homepages/13/d790147281/htdocs/clickandbuilds/TheDojoTradeShow/wp-config.php(80): require_once('/homepages/13/d...')
#2 /homepages/13/d790147281/htdocs/clickandbuilds/TheDojoTradeShow/wp-load.php(37): require_once('/homepages/13/d...')
#3 /homepages/13/d790147281/htdocs/clickandbuilds/TheDojoTradeShow/wp-admin/admin-ajax.php(22): require_once('/homepages/13/d...')
#4 {main}
  thrown in /homepages/13/d790147281/htdocs/clickandbuilds/TheDojoTradeShow/wp-content/themes/consultax/functions.php on line 414

2019-08-15T19:29:09+00:00 CRITICAL Uncaught Error: Class 'checkboxlimit' not found in /homepages/13/d790147281/htdocs/clickandbuilds/TheDojoTradeShow/wp-content/themes/consultax/functions.php:414
Stack trace:
#0 /homepages/13/d790147281/htdocs/clickandbuilds/TheDojoTradeShow/wp-settings.php(499): include()
#1 /homepages/13/d790147281/htdocs/clickandbuilds/TheDojoTradeShow/wp-config.php(80): require_once('/homepages/13/d...')
#2 /homepages/13/d790147281/htdocs/clickandbuilds/TheDojoTradeShow/wp-load.php(37): require_once('/homepages/13/d...')
#3 /homepages/13/d790147281/htdocs/clickandbuilds/TheDojoTradeShow/wp-blog-header.php(13): require_once('/homepages/13/d...')
#4 /homepages/13/d790147281/htdocs/clickandbuilds/TheDojoTradeShow/index.php(17): require('/homepages/13/d...')
#5 {main}
  thrown in /homepages/13/d790147281/htdocs/clickandbuilds/TheDojoTradeShow/wp-content/themes/consultax/functions.php on line 414

2019-08-15T19:29:18+00:00 CRITICAL Uncaught Error: Class 'checkboxlimit' not found in /homepages/13/d790147281/htdocs/clickandbuilds/TheDojoTradeShow/wp-content/themes/consultax/functions.php:414
Stack trace:
#0 /homepages/13/d790147281/htdocs/clickandbuilds/TheDojoTradeShow/wp-settings.php(499): include()
#1 /homepages/13/d790147281/htdocs/clickandbuilds/TheDojoTradeShow/wp-config.php(80): require_once('/homepages/13/d...')
#2 /homepages/13/d790147281/htdocs/clickandbuilds/TheDojoTradeShow/wp-load.php(37): require_once('/homepages/13/d...')
#3 /homepages/13/d790147281/htdocs/clickandbuilds/TheDojoTradeShow/wp-admin/admin-ajax.php(22): require_once('/homepages/13/d...')
#4 {main}
  thrown in /homepages/13/d790147281/htdocs/clickandbuilds/TheDojoTradeShow/wp-content/themes/consultax/functions.php on line 414

2019-08-15T20:07:27+00:00 CRITICAL syntax error, unexpected '<', expecting end of file in /homepages/13/d790147281/htdocs/clickandbuilds/TheDojoTradeShow/wp-content/themes/consultax/functions.php on line 414

